mode: set
github.com/martijnkorbee/gobaboon/pkg/util/response-util.go:11.79,17.16 5 0
github.com/martijnkorbee/gobaboon/pkg/util/response-util.go:17.16,19.3 1 0
github.com/martijnkorbee/gobaboon/pkg/util/response-util.go:21.2,22.19 2 0
github.com/martijnkorbee/gobaboon/pkg/util/response-util.go:22.19,24.3 1 0
github.com/martijnkorbee/gobaboon/pkg/util/response-util.go:26.2,26.12 1 0
github.com/martijnkorbee/gobaboon/pkg/util/response-util.go:29.99,31.16 2 0
github.com/martijnkorbee/gobaboon/pkg/util/response-util.go:31.16,33.3 1 0
github.com/martijnkorbee/gobaboon/pkg/util/response-util.go:35.2,35.22 1 0
github.com/martijnkorbee/gobaboon/pkg/util/response-util.go:35.22,36.32 1 0
github.com/martijnkorbee/gobaboon/pkg/util/response-util.go:36.32,38.4 1 0
github.com/martijnkorbee/gobaboon/pkg/util/response-util.go:41.2,44.16 4 0
github.com/martijnkorbee/gobaboon/pkg/util/response-util.go:44.16,46.3 1 0
github.com/martijnkorbee/gobaboon/pkg/util/response-util.go:48.2,48.12 1 0
github.com/martijnkorbee/gobaboon/pkg/util/response-util.go:51.98,53.16 2 0
github.com/martijnkorbee/gobaboon/pkg/util/response-util.go:53.16,55.3 1 0
github.com/martijnkorbee/gobaboon/pkg/util/response-util.go:57.2,57.22 1 0
github.com/martijnkorbee/gobaboon/pkg/util/response-util.go:57.22,58.32 1 0
github.com/martijnkorbee/gobaboon/pkg/util/response-util.go:58.32,60.4 1 0
github.com/martijnkorbee/gobaboon/pkg/util/response-util.go:63.2,66.16 4 0
github.com/martijnkorbee/gobaboon/pkg/util/response-util.go:66.16,68.3 1 0
github.com/martijnkorbee/gobaboon/pkg/util/response-util.go:70.2,70.12 1 0
github.com/martijnkorbee/gobaboon/pkg/util/util.go:11.47,12.49 1 1
github.com/martijnkorbee/gobaboon/pkg/util/util.go:12.49,14.17 2 1
github.com/martijnkorbee/gobaboon/pkg/util/util.go:14.17,16.4 1 0
github.com/martijnkorbee/gobaboon/pkg/util/util.go:17.3,17.21 1 1
github.com/martijnkorbee/gobaboon/pkg/util/util.go:19.2,19.12 1 1
github.com/martijnkorbee/gobaboon/pkg/util/util.go:23.46,25.49 2 1
github.com/martijnkorbee/gobaboon/pkg/util/util.go:25.49,27.17 2 1
github.com/martijnkorbee/gobaboon/pkg/util/util.go:27.17,29.4 1 1
github.com/martijnkorbee/gobaboon/pkg/util/util.go:32.2,32.12 1 1
github.com/martijnkorbee/gobaboon/pkg/util/util.go:36.51,37.12 1 1
github.com/martijnkorbee/gobaboon/pkg/util/util.go:37.12,39.3 1 1
github.com/martijnkorbee/gobaboon/pkg/util/util.go:41.2,44.19 3 1
github.com/martijnkorbee/gobaboon/pkg/util/util.go:44.19,46.17 2 1
github.com/martijnkorbee/gobaboon/pkg/util/util.go:46.17,48.4 1 0
github.com/martijnkorbee/gobaboon/pkg/util/util.go:49.3,49.31 1 1
github.com/martijnkorbee/gobaboon/pkg/util/util.go:52.2,52.23 1 1
