mode: set
github.com/martijnkorbee/gobaboon/pkg/cache/badger.go:14.58,16.16 2 0
github.com/martijnkorbee/gobaboon/pkg/cache/badger.go:20.2,23.3 1 0
github.com/martijnkorbee/gobaboon/pkg/cache/badger.go:16.16,18.3 1 0
github.com/martijnkorbee/gobaboon/pkg/cache/badger.go:26.60,29.55 2 0
github.com/martijnkorbee/gobaboon/pkg/cache/badger.go:44.2,44.16 1 0
github.com/martijnkorbee/gobaboon/pkg/cache/badger.go:48.2,49.16 2 0
github.com/martijnkorbee/gobaboon/pkg/cache/badger.go:53.2,55.18 2 0
github.com/martijnkorbee/gobaboon/pkg/cache/badger.go:29.55,31.17 2 0
github.com/martijnkorbee/gobaboon/pkg/cache/badger.go:35.3,35.43 1 0
github.com/martijnkorbee/gobaboon/pkg/cache/badger.go:39.3,39.17 1 0
github.com/martijnkorbee/gobaboon/pkg/cache/badger.go:42.3,42.13 1 0
github.com/martijnkorbee/gobaboon/pkg/cache/badger.go:31.17,33.4 1 0
github.com/martijnkorbee/gobaboon/pkg/cache/badger.go:35.43,38.4 2 0
github.com/martijnkorbee/gobaboon/pkg/cache/badger.go:39.17,41.4 1 0
github.com/martijnkorbee/gobaboon/pkg/cache/badger.go:44.16,46.3 1 0
github.com/martijnkorbee/gobaboon/pkg/cache/badger.go:49.16,51.3 1 0
github.com/martijnkorbee/gobaboon/pkg/cache/badger.go:58.80,63.16 4 0
github.com/martijnkorbee/gobaboon/pkg/cache/badger.go:67.2,67.22 1 0
github.com/martijnkorbee/gobaboon/pkg/cache/badger.go:81.2,81.12 1 0
github.com/martijnkorbee/gobaboon/pkg/cache/badger.go:63.16,65.3 1 0
github.com/martijnkorbee/gobaboon/pkg/cache/badger.go:67.22,68.57 1 0
github.com/martijnkorbee/gobaboon/pkg/cache/badger.go:68.57,72.4 3 0
github.com/martijnkorbee/gobaboon/pkg/cache/badger.go:73.8,74.57 1 0
github.com/martijnkorbee/gobaboon/pkg/cache/badger.go:74.57,78.4 3 0
github.com/martijnkorbee/gobaboon/pkg/cache/badger.go:84.48,85.57 1 0
github.com/martijnkorbee/gobaboon/pkg/cache/badger.go:90.2,90.12 1 0
github.com/martijnkorbee/gobaboon/pkg/cache/badger.go:85.57,88.3 2 0
github.com/martijnkorbee/gobaboon/pkg/cache/badger.go:93.54,95.2 1 0
github.com/martijnkorbee/gobaboon/pkg/cache/badger.go:97.37,99.2 1 0
github.com/martijnkorbee/gobaboon/pkg/cache/badger.go:101.54,102.51 1 0
github.com/martijnkorbee/gobaboon/pkg/cache/badger.go:116.2,118.55 2 0
github.com/martijnkorbee/gobaboon/pkg/cache/badger.go:148.2,148.12 1 0
github.com/martijnkorbee/gobaboon/pkg/cache/badger.go:102.51,103.61 1 0
github.com/martijnkorbee/gobaboon/pkg/cache/badger.go:113.3,113.13 1 0
github.com/martijnkorbee/gobaboon/pkg/cache/badger.go:103.61,104.36 1 0
github.com/martijnkorbee/gobaboon/pkg/cache/badger.go:109.4,109.14 1 0
github.com/martijnkorbee/gobaboon/pkg/cache/badger.go:104.36,105.41 1 0
github.com/martijnkorbee/gobaboon/pkg/cache/badger.go:105.41,107.6 1 0
github.com/martijnkorbee/gobaboon/pkg/cache/badger.go:110.18,112.4 1 0
github.com/martijnkorbee/gobaboon/pkg/cache/badger.go:118.55,128.71 8 0
github.com/martijnkorbee/gobaboon/pkg/cache/badger.go:139.3,139.24 1 0
github.com/martijnkorbee/gobaboon/pkg/cache/badger.go:145.3,145.13 1 0
github.com/martijnkorbee/gobaboon/pkg/cache/badger.go:128.71,132.36 4 0
github.com/martijnkorbee/gobaboon/pkg/cache/badger.go:132.36,133.53 1 0
github.com/martijnkorbee/gobaboon/pkg/cache/badger.go:133.53,135.6 1 0
github.com/martijnkorbee/gobaboon/pkg/cache/badger.go:139.24,140.52 1 0
github.com/martijnkorbee/gobaboon/pkg/cache/badger.go:140.52,142.5 1 0
github.com/martijnkorbee/gobaboon/pkg/cache/cache.go:19.41,23.16 4 0
github.com/martijnkorbee/gobaboon/pkg/cache/cache.go:26.2,26.23 1 0
github.com/martijnkorbee/gobaboon/pkg/cache/cache.go:23.16,25.3 1 0
github.com/martijnkorbee/gobaboon/pkg/cache/cache.go:29.40,35.16 6 0
github.com/martijnkorbee/gobaboon/pkg/cache/cache.go:38.2,38.18 1 0
github.com/martijnkorbee/gobaboon/pkg/cache/cache.go:35.16,37.3 1 0
github.com/martijnkorbee/gobaboon/pkg/cache/redis.go:16.74,21.36 1 1
github.com/martijnkorbee/gobaboon/pkg/cache/redis.go:27.2,31.32 4 1
github.com/martijnkorbee/gobaboon/pkg/cache/redis.go:35.2,38.8 1 1
github.com/martijnkorbee/gobaboon/pkg/cache/redis.go:21.36,23.4 1 1
github.com/martijnkorbee/gobaboon/pkg/cache/redis.go:31.32,33.3 1 0
github.com/martijnkorbee/gobaboon/pkg/cache/redis.go:41.52,48.16 5 0
github.com/martijnkorbee/gobaboon/pkg/cache/redis.go:52.2,52.16 1 0
github.com/martijnkorbee/gobaboon/pkg/cache/redis.go:48.16,50.3 1 0
github.com/martijnkorbee/gobaboon/pkg/cache/redis.go:55.59,63.16 5 0
github.com/martijnkorbee/gobaboon/pkg/cache/redis.go:68.2,69.16 2 0
github.com/martijnkorbee/gobaboon/pkg/cache/redis.go:73.2,73.26 1 0
github.com/martijnkorbee/gobaboon/pkg/cache/redis.go:63.16,65.3 1 0
github.com/martijnkorbee/gobaboon/pkg/cache/redis.go:69.16,71.3 1 0
github.com/martijnkorbee/gobaboon/pkg/cache/redis.go:76.79,85.16 7 0
github.com/martijnkorbee/gobaboon/pkg/cache/redis.go:89.2,89.22 1 0
github.com/martijnkorbee/gobaboon/pkg/cache/redis.go:101.2,101.12 1 0
github.com/martijnkorbee/gobaboon/pkg/cache/redis.go:85.16,87.3 1 0
github.com/martijnkorbee/gobaboon/pkg/cache/redis.go:89.22,91.17 2 0
github.com/martijnkorbee/gobaboon/pkg/cache/redis.go:91.17,93.4 1 0
github.com/martijnkorbee/gobaboon/pkg/cache/redis.go:94.8,96.17 2 0
github.com/martijnkorbee/gobaboon/pkg/cache/redis.go:96.17,98.4 1 0
github.com/martijnkorbee/gobaboon/pkg/cache/redis.go:104.47,111.16 5 0
github.com/martijnkorbee/gobaboon/pkg/cache/redis.go:115.2,115.12 1 0
github.com/martijnkorbee/gobaboon/pkg/cache/redis.go:111.16,113.3 1 0
github.com/martijnkorbee/gobaboon/pkg/cache/redis.go:118.53,126.16 5 0
github.com/martijnkorbee/gobaboon/pkg/cache/redis.go:130.2,130.25 1 0
github.com/martijnkorbee/gobaboon/pkg/cache/redis.go:137.2,137.12 1 0
github.com/martijnkorbee/gobaboon/pkg/cache/redis.go:126.16,128.3 1 0
github.com/martijnkorbee/gobaboon/pkg/cache/redis.go:130.25,132.17 2 0
github.com/martijnkorbee/gobaboon/pkg/cache/redis.go:132.17,134.4 1 0
github.com/martijnkorbee/gobaboon/pkg/cache/redis.go:140.36,148.16 5 0
github.com/martijnkorbee/gobaboon/pkg/cache/redis.go:152.2,152.25 1 0
github.com/martijnkorbee/gobaboon/pkg/cache/redis.go:159.2,159.12 1 0
github.com/martijnkorbee/gobaboon/pkg/cache/redis.go:148.16,150.3 1 0
github.com/martijnkorbee/gobaboon/pkg/cache/redis.go:152.25,154.17 2 0
github.com/martijnkorbee/gobaboon/pkg/cache/redis.go:154.17,156.4 1 0
github.com/martijnkorbee/gobaboon/pkg/cache/redis.go:162.64,169.6 5 0
github.com/martijnkorbee/gobaboon/pkg/cache/redis.go:184.2,184.18 1 0
github.com/martijnkorbee/gobaboon/pkg/cache/redis.go:169.6,171.17 2 0
github.com/martijnkorbee/gobaboon/pkg/cache/redis.go:175.3,179.13 4 0
github.com/martijnkorbee/gobaboon/pkg/cache/redis.go:171.17,173.4 1 0
github.com/martijnkorbee/gobaboon/pkg/cache/redis.go:179.13,180.9 1 0
